#
# There is insufficient memory for the Java Runtime Environment to continue.
# Native memory allocation (mmap) failed to map 199229440 bytes for G1 virtual space
# Possible reasons:
#   The system is out of physical RAM or swap space
#   The process is running with CompressedOops enabled, and the Java Heap may be blocking the growth of the native heap
# Possible solutions:
#   Reduce memory load on the system
#   Increase physical memory or swap space
#   Check if swap backing store is full
#   Decrease Java heap size (-Xmx/-Xms)
#   Decrease number of Java threads
#   Decrease Java thread stack sizes (-Xss)
#   Set larger code cache with -XX:ReservedCodeCacheSize=
#   JVM is running with Zero Based Compressed Oops mode in which the Java heap is
#     placed in the first 32GB address space. The Java Heap base address is the
#     maximum limit for the native heap growth. Please use -XX:HeapBaseMinAddress
#     to set the Java Heap base and to place the Java Heap above 32GB virtual address.
# This output file may be truncated or incomplete.
#
#  Out of Memory Error (os_windows.cpp:3530), pid=13300, tid=15132
#
# JRE version:  (18.0.2.1+1) (build )
# Java VM: OpenJDK 64-Bit Server VM (18.0.2.1+1-1, mixed mode, sharing, tiered, compressed oops, compressed class ptrs, g1 gc, windows-amd64)
# No core dump will be written. Minidumps are not enabled by default on client versions of Windows
#

---------------  S U M M A R Y ------------

Command Line: -agentlib:jdwp=transport=dt_socket,address=127.0.0.1:5496,suspend=y,server=n -javaagent:C:\Users\DELL\AppData\Local\JetBrains\IntelliJIdea2022.2\captureAgent\debugger-agent.jar -Dfile.encoding=UTF-8 -Dsun.stdout.encoding=UTF-8 -Dsun.stderr.encoding=UTF-8 Heap.Main

Host: Intel(R) Core(TM) i5-8300H CPU @ 2.30GHz, 8 cores, 11G,  Windows 11 , 64 bit Build 22621 (10.0.22621.755)
Time: Tue Dec  6 20:24:35 2022  Windows 11 , 64 bit Build 22621 (10.0.22621.755) elapsed time: 0.051469 seconds (0d 0h 0m 0s)

---------------  T H R E A D  ---------------

Current thread (0x000001f21aaeeee0):  JavaThread "Unknown thread" [_thread_in_vm, id=15132, stack(0x0000001a05400000,0x0000001a05500000)]

Stack: [0x0000001a05400000,0x0000001a05500000]
Native frames: (J=compiled Java code, j=interpreted, Vv=VM code, C=native code)
V  [jvm.dll+0x6993aa]
V  [jvm.dll+0x7f46dd]
V  [jvm.dll+0x7f5fee]
V  [jvm.dll+0x7f66a3]
V  [jvm.dll+0x25cf1f]
V  [jvm.dll+0x6962f9]
V  [jvm.dll+0x68ae2a]
V  [jvm.dll+0x32255b]
V  [jvm.dll+0x329f36]
V  [jvm.dll+0x37eade]
V  [jvm.dll+0x37ed0f]
V  [jvm.dll+0x2fa2da]
V  [jvm.dll+0x2fb33d]
V  [jvm.dll+0x7c3310]
V  [jvm.dll+0x38be61]
V  [jvm.dll+0x7a2023]
V  [jvm.dll+0x40dc3f]
V  [jvm.dll+0x40f611]
C  [jli.dll+0x526b]
C  [ucrtbase.dll+0x29363]
C  [KERNEL32.DLL+0x1244d]
C  [ntdll.dll+0x5dfb8]


---------------  P R O C E S S  ---------------

Threads class SMR info:
_java_thread_list=0x00007ffeed3ee550, length=0, elements={
}

Java Threads: ( => current thread )

Other Threads:
  0x000001f21ab4cb90 WorkerThread "GC Thread#0" [stack: 0x0000001a05500000,0x0000001a05600000] [id=15220]
  0x000001f21ab5a8c0 ConcurrentGCThread "G1 Main Marker" [stack: 0x0000001a05600000,0x0000001a05700000] [id=14776]
  0x000001f21ab5b410 WorkerThread "G1 Conc#0" [stack: 0x0000001a05700000,0x0000001a05800000] [id=16820]

[error occurred during error reporting (printing all threads), id 0xc0000005, EXCEPTION_ACCESS_VIOLATION (0xc0000005) at pc=0x00007ffeecc1a877]

VM state: not at safepoint (not fully initialized)

VM Mutex/Monitor currently owned by a thread:  ([mutex/lock_event])
[0x000001f21aaeaca0] Heap_lock - owner thread: 0x000001f21aaeeee0

Heap address: 0x0000000743600000, size: 3018 MB, Compressed Oops mode: Zero based, Oop shift amount: 3

CDS archive(s) mapped at: [0x0000000000000000-0x0000000000000000-0x0000000000000000), size 0, SharedBaseAddress: 0x0000000800000000, ArchiveRelocationMode: 0.
Narrow klass base: 0x0000000000000000, Narrow klass shift: 0, Narrow klass range: 0x0

GC Precious Log:
 CardTable entry size: 512
 Card Set container configuration: InlinePtr #cards 4 size 8 Array Of Cards #cards 16 size 48 Howl #buckets 8 coarsen threshold 3686 Howl Bitmap #cards 512 size 80 coarsen threshold 460 Card regions per heap region 1 cards per card region 4096

Heap:
 garbage-first heap   total 0K, used 0K [0x0000000743600000, 0x0000000800000000)
  region size 2048K, 0 young (0K), 0 survivors (0K)

[error occurred during error reporting (printing heap information), id 0xc0000005, EXCEPTION_ACCESS_VIOLATION (0xc0000005) at pc=0x00007ffeed001839]

GC Heap History (0 events):
No events

Deoptimization events (0 events):
No events

Classes loaded (0 events):
No events

Classes unloaded (0 events):
No events

Classes redefined (0 events):
No events

Internal exceptions (0 events):
No events

VM Operations (0 events):
No events

Events (2 events):
Event: 0.039 Loaded shared library C:\Users\DELL\.jdks\openjdk-18.0.2.1-1\bin\java.dll
Event: 0.041 Loaded shared library C:\Users\DELL\.jdks\openjdk-18.0.2.1-1\bin\zip.dll


Dynamic libraries:
0x00007ff72f570000 - 0x00007ff72f57e000 	C:\Users\DELL\.jdks\openjdk-18.0.2.1-1\bin\java.exe
0x00007fff6a2f0000 - 0x00007fff6a504000 	C:\WINDOWS\SYSTEM32\ntdll.dll
0x00007fff6a1e0000 - 0x00007fff6a2a2000 	C:\WINDOWS\System32\KERNEL32.DLL
0x00007fff67840000 - 0x00007fff67bdd000 	C:\WINDOWS\System32\KERNELBASE.dll
0x00007fff67720000 - 0x00007fff67831000 	C:\WINDOWS\System32\ucrtbase.dll
0x00007fff54e00000 - 0x00007fff54e1a000 	C:\Users\DELL\.jdks\openjdk-18.0.2.1-1\bin\VCRUNTIME140.dll
0x00007fff54de0000 - 0x00007fff54df7000 	C:\Users\DELL\.jdks\openjdk-18.0.2.1-1\bin\jli.dll
0x00007fff687f0000 - 0x00007fff6899a000 	C:\WINDOWS\System32\USER32.dll
0x00007fff4da20000 - 0x00007fff4dcae000 	C:\WINDOWS\WinSxS\amd64_microsoft.windows.common-controls_6595b64144ccf1df_6.0.22621.608_none_a9444ca7c10bb01d\COMCTL32.dll
0x00007fff67ee0000 - 0x00007fff67f06000 	C:\WINDOWS\System32\win32u.dll
0x00007fff69b70000 - 0x00007fff69b99000 	C:\WINDOWS\System32\GDI32.dll
0x00007fff69c30000 - 0x00007fff69cd7000 	C:\WINDOWS\System32\msvcrt.dll
0x00007fff67d00000 - 0x00007fff67e12000 	C:\WINDOWS\System32\gdi32full.dll
0x00007fff67be0000 - 0x00007fff67c7a000 	C:\WINDOWS\System32\msvcp_win.dll
0x00007fff68690000 - 0x00007fff686c2000 	C:\WINDOWS\System32\IMM32.DLL
0x00007fff57920000 - 0x00007fff5792c000 	C:\Users\DELL\.jdks\openjdk-18.0.2.1-1\bin\vcruntime140_1.dll
0x00007fff38bd0000 - 0x00007fff38c5d000 	C:\Users\DELL\.jdks\openjdk-18.0.2.1-1\bin\msvcp140.dll
0x00007ffeec910000 - 0x00007ffeed521000 	C:\Users\DELL\.jdks\openjdk-18.0.2.1-1\bin\server\jvm.dll
0x00007fff685e0000 - 0x00007fff6868e000 	C:\WINDOWS\System32\ADVAPI32.dll
0x00007fff68730000 - 0x00007fff687d4000 	C:\WINDOWS\System32\sechost.dll
0x00007fff69180000 - 0x00007fff69295000 	C:\WINDOWS\System32\RPCRT4.dll
0x00007fff68570000 - 0x00007fff68578000 	C:\WINDOWS\System32\PSAPI.DLL
0x00007fff62bc0000 - 0x00007fff62bc9000 	C:\WINDOWS\SYSTEM32\WSOCK32.dll
0x00007fff600b0000 - 0x00007fff600e4000 	C:\WINDOWS\SYSTEM32\WINMM.dll
0x00007fff5dfd0000 - 0x00007fff5dfda000 	C:\WINDOWS\SYSTEM32\VERSION.dll
0x00007fff6a150000 - 0x00007fff6a1c1000 	C:\WINDOWS\System32\WS2_32.dll
0x00007fff66840000 - 0x00007fff66858000 	C:\WINDOWS\SYSTEM32\kernel.appcore.dll
0x00007fff57860000 - 0x00007fff5786a000 	C:\Users\DELL\.jdks\openjdk-18.0.2.1-1\bin\jimage.dll
0x00007fff652c0000 - 0x00007fff654ee000 	C:\WINDOWS\SYSTEM32\DBGHELP.DLL
0x00007fff69ce0000 - 0x00007fff6a06a000 	C:\WINDOWS\System32\combase.dll
0x00007fff6a070000 - 0x00007fff6a147000 	C:\WINDOWS\System32\OLEAUT32.dll
0x00007fff46a70000 - 0x00007fff46aa2000 	C:\WINDOWS\SYSTEM32\dbgcore.DLL
0x00007fff67c80000 - 0x00007fff67cfb000 	C:\WINDOWS\System32\bcryptPrimitives.dll
0x00007fff60570000 - 0x00007fff605ab000 	C:\Users\DELL\.jdks\openjdk-18.0.2.1-1\bin\jdwp.dll
0x00007fff61bb0000 - 0x00007fff61bbe000 	C:\Users\DELL\.jdks\openjdk-18.0.2.1-1\bin\instrument.dll
0x00007fff533c0000 - 0x00007fff533e5000 	C:\Users\DELL\.jdks\openjdk-18.0.2.1-1\bin\java.dll
0x00007fff53250000 - 0x00007fff53268000 	C:\Users\DELL\.jdks\openjdk-18.0.2.1-1\bin\zip.dll

dbghelp: loaded successfully - version: 4.0.5 - missing functions: none
symbol engine: initialized successfully - sym options: 0x614 - pdb path: .;C:\Users\DELL\.jdks\openjdk-18.0.2.1-1\bin;C:\WINDOWS\SYSTEM32;C:\WINDOWS\WinSxS\amd64_microsoft.windows.common-controls_6595b64144ccf1df_6.0.22621.608_none_a9444ca7c10bb01d;C:\Users\DELL\.jdks\openjdk-18.0.2.1-1\bin\server

VM Arguments:
jvm_args: -agentlib:jdwp=transport=dt_socket,address=127.0.0.1:5496,suspend=y,server=n -javaagent:C:\Users\DELL\AppData\Local\JetBrains\IntelliJIdea2022.2\captureAgent\debugger-agent.jar -Dfile.encoding=UTF-8 -Dsun.stdout.encoding=UTF-8 -Dsun.stderr.encoding=UTF-8 
java_command: Heap.Main
java_class_path (initial): D:\semC\target\classes;C:\Program Files (x86)\Java\javafx-sdk-19\lib\javafx-swt.jar;C:\Program Files (x86)\Java\javafx-sdk-19\lib\javafx.web.jar;C:\Program Files (x86)\Java\javafx-sdk-19\lib\javafx.base.jar;C:\Program Files (x86)\Java\javafx-sdk-19\lib\javafx.fxml.jar;C:\Program Files (x86)\Java\javafx-sdk-19\lib\javafx.media.jar;C:\Program Files (x86)\Java\javafx-sdk-19\lib\javafx.swing.jar;C:\Program Files (x86)\Java\javafx-sdk-19\lib\javafx.controls.jar;C:\Program Files (x86)\Java\javafx-sdk-19\lib\javafx.graphics.jar;C:\Users\DELL\.m2\repository\org\openjfx\javafx-base\17-ea+11\javafx-base-17-ea+11.jar;C:\Users\DELL\.m2\repository\org\openjfx\javafx-base\17-ea+11\javafx-base-17-ea+11-win.jar;C:\Users\DELL\.m2\repository\org\openjfx\javafx-graphics\17-ea+11\javafx-graphics-17-ea+11.jar;C:\Users\DELL\.m2\repository\org\openjfx\javafx-graphics\17-ea+11\javafx-graphics-17-ea+11-win.jar;C:\Users\DELL\.m2\repository\org\openjfx\javafx-controls\17-ea+11\javafx-controls-17-ea+11.jar;C:\Users\DELL\.m2\repository\org\openjfx\javafx-controls\17-ea+11\javafx-controls-17-ea+11-win.jar;C:\Program Files\JetBrains\IntelliJ IDEA 2022.2.1\lib\idea_rt.jar
Launcher Type: SUN_STANDARD

[Global flags]
     intx CICompilerCount                          = 4                                         {product} {ergonomic}
     uint ConcGCThreads                            = 2                                         {product} {ergonomic}
     uint G1ConcRefinementThreads                  = 8                                         {product} {ergonomic}
   size_t G1HeapRegionSize                         = 2097152                                   {product} {ergonomic}
    uintx GCDrainStackTargetSize                   = 64                                        {product} {ergonomic}
   size_t InitialHeapSize                          = 199229440                                 {product} {ergonomic}
   size_t MarkStackSize                            = 4194304                                   {product} {ergonomic}
   size_t MaxHeapSize                              = 3164602368                                {product} {ergonomic}
   size_t MinHeapDeltaBytes                        = 2097152                                   {product} {ergonomic}
   size_t MinHeapSize                              = 8388608                                   {product} {ergonomic}
    uintx NonNMethodCodeHeapSize                   = 5839372                                {pd product} {ergonomic}
    uintx NonProfiledCodeHeapSize                  = 122909434                              {pd product} {ergonomic}
    uintx ProfiledCodeHeapSize                     = 122909434                              {pd product} {ergonomic}
    uintx ReservedCodeCacheSize                    = 251658240                              {pd product} {ergonomic}
     bool SegmentedCodeCache                       = true                                      {product} {ergonomic}
   size_t SoftMaxHeapSize                          = 3164602368                             {manageable} {ergonomic}
     bool UseCompressedClassPointers               = true                           {product lp64_product} {ergonomic}
     bool UseCompressedOops                        = true                           {product lp64_product} {ergonomic}
     bool UseG1GC                                  = true                                      {product} {ergonomic}
     bool UseLargePagesIndividualAllocation        = false                                  {pd product} {ergonomic}

Logging:
Log output configuration:
 #0: stdout all=warning uptime,level,tags foldmultilines=false
 #1: stderr all=off uptime,level,tags foldmultilines=false

Environment Variables:
PATH=C:\Program Files (x86)\Common Files\Oracle\Java\javapath;C:\Windows\system32;C:\Windows;C:\Windows\System32\Wbem;C:\Windows\System32\WindowsPowerShell\v1.0\;C:\Windows\System32\OpenSSH\;C:\Program Files\7-Zip;C:\Program Files (x86)\NVIDIA Corporation\PhysX\Common;C:\WINDOWS\system32;C:\WINDOWS;C:\WINDOWS\System32\Wbem;C:\WINDOWS\System32\WindowsPowerShell\v1.0\;C:\WINDOWS\System32\OpenSSH\;C:\Program Files\dotnet\;D:\MathLab\bin;C:\Program Files\Git\cmd;C:\Users\DELL\AppData\Local\Microsoft\WindowsApps;
USERNAME=DELL
OS=Windows_NT
PROCESSOR_IDENTIFIER=Intel64 Family 6 Model 158 Stepping 10, GenuineIntel



---------------  S Y S T E M  ---------------

OS:
 Windows 11 , 64 bit Build 22621 (10.0.22621.755)
OS uptime: 5 days 9:20 hours
Hyper-V role detected

CPU: total 8 (initial active 8) (4 cores per cpu, 2 threads per core) family 6 model 158 stepping 10 microcode 0xf0, cx8, cmov, fxsr, ht, mmx, 3dnowpref, sse, sse2, sse3, ssse3, sse4.1, sse4.2, popcnt, lzcnt, tsc, tscinvbit, avx, avx2, aes, erms, clmul, bmi1, bmi2, adx, fma, vzeroupper, clflush, clflushopt, hv

Memory: 4k page, system-wide physical 12069M (744M free)
TotalPageFile size 27150M (AvailPageFile size 76M)
current process WorkingSet (physical memory assigned to process): 11M, peak: 11M
current process commit charge ("private bytes"): 60M, peak: 250M

vm_info: OpenJDK 64-Bit Server VM (18.0.2.1+1-1) for windows-amd64 JRE (18.0.2.1+1-1), built on Aug 16 2022 01:44:29 by "mach5one" with MS VC++ 16.8 / 16.9 (VS2019)

END.
